<?xml version="1.0" encoding="UTF-8"?>
<!-- Generated by org.testng.reporters.JUnitReportReporter -->
<testsuite skipped="0" hostname="DESKTOP-UBRI0MS" name="runner.RunCuke" tests="2" failures="0" timestamp="19 Sep 2019 20:57:32 GMT" time="50.495" errors="0">
  <testcase name="feature" time="26.021" classname="runner.RunCuke"/>
  <testcase name="feature" time="24.474" classname="runner.RunCuke"/>
</testsuite> <!-- runner.RunCuke -->
