<?xml version="1.0" encoding="UTF-8"?>
<!-- Generated by org.testng.reporters.JUnitReportReporter -->
<testsuite hostname="DESKTOP-UBRI0MS" name="runner.RunCuke" tests="2" failures="0" timestamp="20 Sep 2019 08:59:22 GMT" time="72.970" errors="0">
  <testcase name="feature" time="41.724" classname="runner.RunCuke"/>
  <testcase name="feature" time="31.246" classname="runner.RunCuke"/>
</testsuite> <!-- runner.RunCuke -->
